The system is: Linux - 4.16.6-1-ARCH - x86_64
Compiling the C compiler identification source file "CMakeCCompilerId.c" succeeded.
Compiler: /usr/bin/cc 
Build flags: 
Id flags:  

The output was:
0


Compilation of the C compiler identification source "CMakeCCompilerId.c" produced "a.out"

The C compiler identification is GNU, found in "/home/mike/gamedev/cg/dep/glfw-3.2.1/CMakeFiles/3.11.1/CompilerIdC/a.out"

Determining if the C compiler works passed with the following output:
Change Dir: /home/mike/gamedev/cg/dep/glfw-3.2.1/CMakeFiles/CMakeTmp

Run Build Command:"/usr/bin/make" "cmTC_6c4ae/fast"
/usr/bin/make -f CMakeFiles/cmTC_6c4ae.dir/build.make CMakeFiles/cmTC_6c4ae.dir/build
make[1]: Entering directory '/home/mike/gamedev/cg/dep/glfw-3.2.1/CMakeFiles/CMakeTmp'
Building C object CMakeFiles/cmTC_6c4ae.dir/testCCompiler.c.o
/usr/bin/cc    -o CMakeFiles/cmTC_6c4ae.dir/testCCompiler.c.o   -c /home/mike/gamedev/cg/dep/glfw-3.2.1/CMakeFiles/CMakeTmp/testCCompiler.c
Linking C executable cmTC_6c4ae
/usr/bin/cmake -E cmake_link_script CMakeFiles/cmTC_6c4ae.dir/link.txt --verbose=1
/usr/bin/cc      -rdynamic CMakeFiles/cmTC_6c4ae.dir/testCCompiler.c.o  -o cmTC_6c4ae 
make[1]: Leaving directory '/home/mike/gamedev/cg/dep/glfw-3.2.1/CMakeFiles/CMakeTmp'


Detecting C compiler ABI info compiled with the following output:
Change Dir: /home/mike/gamedev/cg/dep/glfw-3.2.1/CMakeFiles/CMakeTmp

Run Build Command:"/usr/bin/make" "cmTC_4114e/fast"
/usr/bin/make -f CMakeFiles/cmTC_4114e.dir/build.make CMakeFiles/cmTC_4114e.dir/build
make[1]: Entering directory '/home/mike/gamedev/cg/dep/glfw-3.2.1/CMakeFiles/CMakeTmp'
Building C object CMakeFiles/cmTC_4114e.dir/CMakeCCompilerABI.c.o
/usr/bin/cc    -o CMakeFiles/cmTC_4114e.dir/CMakeCCompilerABI.c.o   -c /usr/share/cmake-3.11/Modules/CMakeCCompilerABI.c
Linking C executable cmTC_4114e
/usr/bin/cmake -E cmake_link_script CMakeFiles/cmTC_4114e.dir/link.txt --verbose=1
/usr/bin/cc     -v -rdynamic CMakeFiles/cmTC_4114e.dir/CMakeCCompilerABI.c.o  -o cmTC_4114e 
Using built-in specs.
COLLECT_GCC=/usr/bin/cc
COLLECT_LTO_WRAPPER=/usr/lib/gcc/x86_64-pc-linux-gnu/7.3.1/lto-wrapper
Target: x86_64-pc-linux-gnu
Configured with: /build/gcc/src/gcc/configure --prefix=/usr --libdir=/usr/lib --libexecdir=/usr/lib --mandir=/usr/share/man --infodir=/usr/share/info --with-bugurl=https://bugs.archlinux.org/ --enable-languages=c,c++,ada,fortran,go,lto,objc,obj-c++ --enable-shared --enable-threads=posix --enable-libmpx --with-system-zlib --with-isl --enable-__cxa_atexit --disable-libunwind-exceptions --enable-clocale=gnu --disable-libstdcxx-pch --disable-libssp --enable-gnu-unique-object --enable-linker-build-id --enable-lto --enable-plugin --enable-install-libiberty --with-linker-hash-style=gnu --enable-gnu-indirect-function --enable-multilib --disable-werror --enable-checking=release --enable-default-pie --enable-default-ssp
Thread model: posix
gcc version 7.3.1 20180406 (GCC) 
COMPILER_PATH=/usr/lib/gcc/x86_64-pc-linux-gnu/7.3.1/:/usr/lib/gcc/x86_64-pc-linux-gnu/7.3.1/:/usr/lib/gcc/x86_64-pc-linux-gnu/:/usr/lib/gcc/x86_64-pc-linux-gnu/7.3.1/:/usr/lib/gcc/x86_64-pc-linux-gnu/
LIBRARY_PATH=/usr/lib/gcc/x86_64-pc-linux-gnu/7.3.1/:/usr/lib/gcc/x86_64-pc-linux-gnu/7.3.1/../../../../lib/:/lib/../lib/:/usr/lib/../lib/:/usr/lib/gcc/x86_64-pc-linux-gnu/7.3.1/../../../:/lib/:/usr/lib/
COLLECT_GCC_OPTIONS='-v' '-rdynamic' '-o' 'cmTC_4114e' '-mtune=generic' '-march=x86-64'
 /usr/lib/gcc/x86_64-pc-linux-gnu/7.3.1/collect2 -plugin /usr/lib/gcc/x86_64-pc-linux-gnu/7.3.1/liblto_plugin.so -plugin-opt=/usr/lib/gcc/x86_64-pc-linux-gnu/7.3.1/lto-wrapper -plugin-opt=-fresolution=/tmp/cck16ZaQ.res -plugin-opt=-pass-through=-lgcc -plugin-opt=-pass-through=-lgcc_s -plugin-opt=-pass-through=-lc -plugin-opt=-pass-through=-lgcc -plugin-opt=-pass-through=-lgcc_s --build-id --eh-frame-hdr --hash-style=gnu -m elf_x86_64 -export-dynamic -dynamic-linker /lib64/ld-linux-x86-64.so.2 -pie -o cmTC_4114e /usr/lib/gcc/x86_64-pc-linux-gnu/7.3.1/../../../../lib/Scrt1.o /usr/lib/gcc/x86_64-pc-linux-gnu/7.3.1/../../../../lib/crti.o /usr/lib/gcc/x86_64-pc-linux-gnu/7.3.1/crtbeginS.o -L/usr/lib/gcc/x86_64-pc-linux-gnu/7.3.1 -L/usr/lib/gcc/x86_64-pc-linux-gnu/7.3.1/../../../../lib -L/lib/../lib -L/usr/lib/../lib -L/usr/lib/gcc/x86_64-pc-linux-gnu/7.3.1/../../.. CMakeFiles/cmTC_4114e.dir/CMakeCCompilerABI.c.o -lgcc --as-needed -lgcc_s --no-as-needed -lc -lgcc --as-needed -lgcc_s --no-as-needed /usr/lib/gcc/x86_64-pc-linux-gnu/7.3.1/crtendS.o /usr/lib/gcc/x86_64-pc-linux-gnu/7.3.1/../../../../lib/crtn.o
COLLECT_GCC_OPTIONS='-v' '-rdynamic' '-o' 'cmTC_4114e' '-mtune=generic' '-march=x86-64'
make[1]: Leaving directory '/home/mike/gamedev/cg/dep/glfw-3.2.1/CMakeFiles/CMakeTmp'


Parsed C implicit link information from above output:
  link line regex: [^( *|.*[/\])(ld|CMAKE_LINK_STARTFILE-NOTFOUND|([^/\]+-)?ld|collect2)[^/\]*( |$)]
  ignore line: [Change Dir: /home/mike/gamedev/cg/dep/glfw-3.2.1/CMakeFiles/CMakeTmp]
  ignore line: []
  ignore line: [Run Build Command:"/usr/bin/make" "cmTC_4114e/fast"]
  ignore line: [/usr/bin/make -f CMakeFiles/cmTC_4114e.dir/build.make CMakeFiles/cmTC_4114e.dir/build]
  ignore line: [make[1]: Entering directory '/home/mike/gamedev/cg/dep/glfw-3.2.1/CMakeFiles/CMakeTmp']
  ignore line: [Building C object CMakeFiles/cmTC_4114e.dir/CMakeCCompilerABI.c.o]
  ignore line: [/usr/bin/cc    -o CMakeFiles/cmTC_4114e.dir/CMakeCCompilerABI.c.o   -c /usr/share/cmake-3.11/Modules/CMakeCCompilerABI.c]
  ignore line: [Linking C executable cmTC_4114e]
  ignore line: [/usr/bin/cmake -E cmake_link_script CMakeFiles/cmTC_4114e.dir/link.txt --verbose=1]
  ignore line: [/usr/bin/cc     -v -rdynamic CMakeFiles/cmTC_4114e.dir/CMakeCCompilerABI.c.o  -o cmTC_4114e ]
  ignore line: [Using built-in specs.]
  ignore line: [COLLECT_GCC=/usr/bin/cc]
  ignore line: [COLLECT_LTO_WRAPPER=/usr/lib/gcc/x86_64-pc-linux-gnu/7.3.1/lto-wrapper]
  ignore line: [Target: x86_64-pc-linux-gnu]
  ignore line: [Configured with: /build/gcc/src/gcc/configure --prefix=/usr --libdir=/usr/lib --libexecdir=/usr/lib --mandir=/usr/share/man --infodir=/usr/share/info --with-bugurl=https://bugs.archlinux.org/ --enable-languages=c,c++,ada,fortran,go,lto,objc,obj-c++ --enable-shared --enable-threads=posix --enable-libmpx --with-system-zlib --with-isl --enable-__cxa_atexit --disable-libunwind-exceptions --enable-clocale=gnu --disable-libstdcxx-pch --disable-libssp --enable-gnu-unique-object --enable-linker-build-id --enable-lto --enable-plugin --enable-install-libiberty --with-linker-hash-style=gnu --enable-gnu-indirect-function --enable-multilib --disable-werror --enable-checking=release --enable-default-pie --enable-default-ssp]
  ignore line: [Thread model: posix]
  ignore line: [gcc version 7.3.1 20180406 (GCC) ]
  ignore line: [COMPILER_PATH=/usr/lib/gcc/x86_64-pc-linux-gnu/7.3.1/:/usr/lib/gcc/x86_64-pc-linux-gnu/7.3.1/:/usr/lib/gcc/x86_64-pc-linux-gnu/:/usr/lib/gcc/x86_64-pc-linux-gnu/7.3.1/:/usr/lib/gcc/x86_64-pc-linux-gnu/]
  ignore line: [LIBRARY_PATH=/usr/lib/gcc/x86_64-pc-linux-gnu/7.3.1/:/usr/lib/gcc/x86_64-pc-linux-gnu/7.3.1/../../../../lib/:/lib/../lib/:/usr/lib/../lib/:/usr/lib/gcc/x86_64-pc-linux-gnu/7.3.1/../../../:/lib/:/usr/lib/]
  ignore line: [COLLECT_GCC_OPTIONS='-v' '-rdynamic' '-o' 'cmTC_4114e' '-mtune=generic' '-march=x86-64']
  link line: [ /usr/lib/gcc/x86_64-pc-linux-gnu/7.3.1/collect2 -plugin /usr/lib/gcc/x86_64-pc-linux-gnu/7.3.1/liblto_plugin.so -plugin-opt=/usr/lib/gcc/x86_64-pc-linux-gnu/7.3.1/lto-wrapper -plugin-opt=-fresolution=/tmp/cck16ZaQ.res -plugin-opt=-pass-through=-lgcc -plugin-opt=-pass-through=-lgcc_s -plugin-opt=-pass-through=-lc -plugin-opt=-pass-through=-lgcc -plugin-opt=-pass-through=-lgcc_s --build-id --eh-frame-hdr --hash-style=gnu -m elf_x86_64 -export-dynamic -dynamic-linker /lib64/ld-linux-x86-64.so.2 -pie -o cmTC_4114e /usr/lib/gcc/x86_64-pc-linux-gnu/7.3.1/../../../../lib/Scrt1.o /usr/lib/gcc/x86_64-pc-linux-gnu/7.3.1/../../../../lib/crti.o /usr/lib/gcc/x86_64-pc-linux-gnu/7.3.1/crtbeginS.o -L/usr/lib/gcc/x86_64-pc-linux-gnu/7.3.1 -L/usr/lib/gcc/x86_64-pc-linux-gnu/7.3.1/../../../../lib -L/lib/../lib -L/usr/lib/../lib -L/usr/lib/gcc/x86_64-pc-linux-gnu/7.3.1/../../.. CMakeFiles/cmTC_4114e.dir/CMakeCCompilerABI.c.o -lgcc --as-needed -lgcc_s --no-as-needed -lc -lgcc --as-needed -lgcc_s --no-as-needed /usr/lib/gcc/x86_64-pc-linux-gnu/7.3.1/crtendS.o /usr/lib/gcc/x86_64-pc-linux-gnu/7.3.1/../../../../lib/crtn.o]
    arg [/usr/lib/gcc/x86_64-pc-linux-gnu/7.3.1/collect2] ==> ignore
    arg [-plugin] ==> ignore
    arg [/usr/lib/gcc/x86_64-pc-linux-gnu/7.3.1/liblto_plugin.so] ==> ignore
    arg [-plugin-opt=/usr/lib/gcc/x86_64-pc-linux-gnu/7.3.1/lto-wrapper] ==> ignore
    arg [-plugin-opt=-fresolution=/tmp/cck16ZaQ.res] ==> ignore
    arg [-plugin-opt=-pass-through=-lgcc] ==> ignore
    arg [-plugin-opt=-pass-through=-lgcc_s] ==> ignore
    arg [-plugin-opt=-pass-through=-lc] ==> ignore
    arg [-plugin-opt=-pass-through=-lgcc] ==> ignore
    arg [-plugin-opt=-pass-through=-lgcc_s] ==> ignore
    arg [--build-id] ==> ignore
    arg [--eh-frame-hdr] ==> ignore
    arg [--hash-style=gnu] ==> ignore
    arg [-m] ==> ignore
    arg [elf_x86_64] ==> ignore
    arg [-export-dynamic] ==> ignore
    arg [-dynamic-linker] ==> ignore
    arg [/lib64/ld-linux-x86-64.so.2] ==> ignore
    arg [-pie] ==> ignore
    arg [-o] ==> ignore
    arg [cmTC_4114e] ==> ignore
    arg [/usr/lib/gcc/x86_64-pc-linux-gnu/7.3.1/../../../../lib/Scrt1.o] ==> ignore
    arg [/usr/lib/gcc/x86_64-pc-linux-gnu/7.3.1/../../../../lib/crti.o] ==> ignore
    arg [/usr/lib/gcc/x86_64-pc-linux-gnu/7.3.1/crtbeginS.o] ==> ignore
    arg [-L/usr/lib/gcc/x86_64-pc-linux-gnu/7.3.1] ==> dir [/usr/lib/gcc/x86_64-pc-linux-gnu/7.3.1]
    arg [-L/usr/lib/gcc/x86_64-pc-linux-gnu/7.3.1/../../../../lib] ==> dir [/usr/lib/gcc/x86_64-pc-linux-gnu/7.3.1/../../../../lib]
    arg [-L/lib/../lib] ==> dir [/lib/../lib]
    arg [-L/usr/lib/../lib] ==> dir [/usr/lib/../lib]
    arg [-L/usr/lib/gcc/x86_64-pc-linux-gnu/7.3.1/../../..] ==> dir [/usr/lib/gcc/x86_64-pc-linux-gnu/7.3.1/../../..]
    arg [CMakeFiles/cmTC_4114e.dir/CMakeCCompilerABI.c.o] ==> ignore
    arg [-lgcc] ==> lib [gcc]
    arg [--as-needed] ==> ignore
    arg [-lgcc_s] ==> lib [gcc_s]
    arg [--no-as-needed] ==> ignore
    arg [-lc] ==> lib [c]
    arg [-lgcc] ==> lib [gcc]
    arg [--as-needed] ==> ignore
    arg [-lgcc_s] ==> lib [gcc_s]
    arg [--no-as-needed] ==> ignore
    arg [/usr/lib/gcc/x86_64-pc-linux-gnu/7.3.1/crtendS.o] ==> ignore
    arg [/usr/lib/gcc/x86_64-pc-linux-gnu/7.3.1/../../../../lib/crtn.o] ==> ignore
  collapse library dir [/usr/lib/gcc/x86_64-pc-linux-gnu/7.3.1] ==> [/usr/lib/gcc/x86_64-pc-linux-gnu/7.3.1]
  collapse library dir [/usr/lib/gcc/x86_64-pc-linux-gnu/7.3.1/../../../../lib] ==> [/usr/lib]
  collapse library dir [/lib/../lib] ==> [/lib]
  collapse library dir [/usr/lib/../lib] ==> [/usr/lib]
  collapse library dir [/usr/lib/gcc/x86_64-pc-linux-gnu/7.3.1/../../..] ==> [/usr/lib]
  implicit libs: [gcc;gcc_s;c;gcc;gcc_s]
  implicit dirs: [/usr/lib/gcc/x86_64-pc-linux-gnu/7.3.1;/usr/lib;/lib]
  implicit fwks: []




Detecting C [-std=c11] compiler features compiled with the following output:
Change Dir: /home/mike/gamedev/cg/dep/glfw-3.2.1/CMakeFiles/CMakeTmp

Run Build Command:"/usr/bin/make" "cmTC_821c0/fast"
/usr/bin/make -f CMakeFiles/cmTC_821c0.dir/build.make CMakeFiles/cmTC_821c0.dir/build
make[1]: Entering directory '/home/mike/gamedev/cg/dep/glfw-3.2.1/CMakeFiles/CMakeTmp'
Building C object CMakeFiles/cmTC_821c0.dir/feature_tests.c.o
/usr/bin/cc   -std=c11 -o CMakeFiles/cmTC_821c0.dir/feature_tests.c.o   -c /home/mike/gamedev/cg/dep/glfw-3.2.1/CMakeFiles/feature_tests.c
Linking C executable cmTC_821c0
/usr/bin/cmake -E cmake_link_script CMakeFiles/cmTC_821c0.dir/link.txt --verbose=1
/usr/bin/cc      -rdynamic CMakeFiles/cmTC_821c0.dir/feature_tests.c.o  -o cmTC_821c0 
make[1]: Leaving directory '/home/mike/gamedev/cg/dep/glfw-3.2.1/CMakeFiles/CMakeTmp'


    Feature record: C_FEATURE:1c_function_prototypes
    Feature record: C_FEATURE:1c_restrict
    Feature record: C_FEATURE:1c_static_assert
    Feature record: C_FEATURE:1c_variadic_macros


Detecting C [-std=c99] compiler features compiled with the following output:
Change Dir: /home/mike/gamedev/cg/dep/glfw-3.2.1/CMakeFiles/CMakeTmp

Run Build Command:"/usr/bin/make" "cmTC_ebaf1/fast"
/usr/bin/make -f CMakeFiles/cmTC_ebaf1.dir/build.make CMakeFiles/cmTC_ebaf1.dir/build
make[1]: Entering directory '/home/mike/gamedev/cg/dep/glfw-3.2.1/CMakeFiles/CMakeTmp'
Building C object CMakeFiles/cmTC_ebaf1.dir/feature_tests.c.o
/usr/bin/cc   -std=c99 -o CMakeFiles/cmTC_ebaf1.dir/feature_tests.c.o   -c /home/mike/gamedev/cg/dep/glfw-3.2.1/CMakeFiles/feature_tests.c
Linking C executable cmTC_ebaf1
/usr/bin/cmake -E cmake_link_script CMakeFiles/cmTC_ebaf1.dir/link.txt --verbose=1
/usr/bin/cc      -rdynamic CMakeFiles/cmTC_ebaf1.dir/feature_tests.c.o  -o cmTC_ebaf1 
make[1]: Leaving directory '/home/mike/gamedev/cg/dep/glfw-3.2.1/CMakeFiles/CMakeTmp'


    Feature record: C_FEATURE:1c_function_prototypes
    Feature record: C_FEATURE:1c_restrict
    Feature record: C_FEATURE:0c_static_assert
    Feature record: C_FEATURE:1c_variadic_macros


Detecting C [-std=c90] compiler features compiled with the following output:
Change Dir: /home/mike/gamedev/cg/dep/glfw-3.2.1/CMakeFiles/CMakeTmp

Run Build Command:"/usr/bin/make" "cmTC_76913/fast"
/usr/bin/make -f CMakeFiles/cmTC_76913.dir/build.make CMakeFiles/cmTC_76913.dir/build
make[1]: Entering directory '/home/mike/gamedev/cg/dep/glfw-3.2.1/CMakeFiles/CMakeTmp'
Building C object CMakeFiles/cmTC_76913.dir/feature_tests.c.o
/usr/bin/cc   -std=c90 -o CMakeFiles/cmTC_76913.dir/feature_tests.c.o   -c /home/mike/gamedev/cg/dep/glfw-3.2.1/CMakeFiles/feature_tests.c
Linking C executable cmTC_76913
/usr/bin/cmake -E cmake_link_script CMakeFiles/cmTC_76913.dir/link.txt --verbose=1
/usr/bin/cc      -rdynamic CMakeFiles/cmTC_76913.dir/feature_tests.c.o  -o cmTC_76913 
make[1]: Leaving directory '/home/mike/gamedev/cg/dep/glfw-3.2.1/CMakeFiles/CMakeTmp'


    Feature record: C_FEATURE:1c_function_prototypes
    Feature record: C_FEATURE:0c_restrict
    Feature record: C_FEATURE:0c_static_assert
    Feature record: C_FEATURE:0c_variadic_macros
Determining if the include file pthread.h exists passed with the following output:
Change Dir: /home/mike/gamedev/cg/dep/glfw-3.2.1/CMakeFiles/CMakeTmp

Run Build Command:"/usr/bin/make" "cmTC_52125/fast"
/usr/bin/make -f CMakeFiles/cmTC_52125.dir/build.make CMakeFiles/cmTC_52125.dir/build
make[1]: Entering directory '/home/mike/gamedev/cg/dep/glfw-3.2.1/CMakeFiles/CMakeTmp'
Building C object CMakeFiles/cmTC_52125.dir/CheckIncludeFile.c.o
/usr/bin/cc    -o CMakeFiles/cmTC_52125.dir/CheckIncludeFile.c.o   -c /home/mike/gamedev/cg/dep/glfw-3.2.1/CMakeFiles/CMakeTmp/CheckIncludeFile.c
Linking C executable cmTC_52125
/usr/bin/cmake -E cmake_link_script CMakeFiles/cmTC_52125.dir/link.txt --verbose=1
/usr/bin/cc      -rdynamic CMakeFiles/cmTC_52125.dir/CheckIncludeFile.c.o  -o cmTC_52125 
make[1]: Leaving directory '/home/mike/gamedev/cg/dep/glfw-3.2.1/CMakeFiles/CMakeTmp'


Determining if the function pthread_create exists in the pthread passed with the following output:
Change Dir: /home/mike/gamedev/cg/dep/glfw-3.2.1/CMakeFiles/CMakeTmp

Run Build Command:"/usr/bin/make" "cmTC_c4b2b/fast"
/usr/bin/make -f CMakeFiles/cmTC_c4b2b.dir/build.make CMakeFiles/cmTC_c4b2b.dir/build
make[1]: Entering directory '/home/mike/gamedev/cg/dep/glfw-3.2.1/CMakeFiles/CMakeTmp'
Building C object CMakeFiles/cmTC_c4b2b.dir/CheckFunctionExists.c.o
/usr/bin/cc   -DCHECK_FUNCTION_EXISTS=pthread_create   -o CMakeFiles/cmTC_c4b2b.dir/CheckFunctionExists.c.o   -c /usr/share/cmake-3.11/Modules/CheckFunctionExists.c
Linking C executable cmTC_c4b2b
/usr/bin/cmake -E cmake_link_script CMakeFiles/cmTC_c4b2b.dir/link.txt --verbose=1
/usr/bin/cc  -DCHECK_FUNCTION_EXISTS=pthread_create    -rdynamic CMakeFiles/cmTC_c4b2b.dir/CheckFunctionExists.c.o  -o cmTC_c4b2b -lpthread 
make[1]: Leaving directory '/home/mike/gamedev/cg/dep/glfw-3.2.1/CMakeFiles/CMakeTmp'


Determining if the function XOpenDisplay exists in the /usr/lib/libX11.so;/usr/lib/libXext.so passed with the following output:
Change Dir: /home/mike/gamedev/cg/dep/glfw-3.2.1/CMakeFiles/CMakeTmp

Run Build Command:"/usr/bin/make" "cmTC_58aaf/fast"
/usr/bin/make -f CMakeFiles/cmTC_58aaf.dir/build.make CMakeFiles/cmTC_58aaf.dir/build
make[1]: Entering directory '/home/mike/gamedev/cg/dep/glfw-3.2.1/CMakeFiles/CMakeTmp'
Building C object CMakeFiles/cmTC_58aaf.dir/CheckFunctionExists.c.o
/usr/bin/cc   -DCHECK_FUNCTION_EXISTS=XOpenDisplay   -o CMakeFiles/cmTC_58aaf.dir/CheckFunctionExists.c.o   -c /usr/share/cmake-3.11/Modules/CheckFunctionExists.c
Linking C executable cmTC_58aaf
/usr/bin/cmake -E cmake_link_script CMakeFiles/cmTC_58aaf.dir/link.txt --verbose=1
/usr/bin/cc  -DCHECK_FUNCTION_EXISTS=XOpenDisplay    -rdynamic CMakeFiles/cmTC_58aaf.dir/CheckFunctionExists.c.o  -o cmTC_58aaf /usr/lib/libX11.so /usr/lib/libXext.so 
make[1]: Leaving directory '/home/mike/gamedev/cg/dep/glfw-3.2.1/CMakeFiles/CMakeTmp'


Determining if the function gethostbyname exists passed with the following output:
Change Dir: /home/mike/gamedev/cg/dep/glfw-3.2.1/CMakeFiles/CMakeTmp

Run Build Command:"/usr/bin/make" "cmTC_c875f/fast"
/usr/bin/make -f CMakeFiles/cmTC_c875f.dir/build.make CMakeFiles/cmTC_c875f.dir/build
make[1]: Entering directory '/home/mike/gamedev/cg/dep/glfw-3.2.1/CMakeFiles/CMakeTmp'
Building C object CMakeFiles/cmTC_c875f.dir/CheckFunctionExists.c.o
/usr/bin/cc   -DCHECK_FUNCTION_EXISTS=gethostbyname   -o CMakeFiles/cmTC_c875f.dir/CheckFunctionExists.c.o   -c /usr/share/cmake-3.11/Modules/CheckFunctionExists.c
Linking C executable cmTC_c875f
/usr/bin/cmake -E cmake_link_script CMakeFiles/cmTC_c875f.dir/link.txt --verbose=1
/usr/bin/cc  -DCHECK_FUNCTION_EXISTS=gethostbyname    -rdynamic CMakeFiles/cmTC_c875f.dir/CheckFunctionExists.c.o  -o cmTC_c875f 
make[1]: Leaving directory '/home/mike/gamedev/cg/dep/glfw-3.2.1/CMakeFiles/CMakeTmp'


Determining if the function connect exists passed with the following output:
Change Dir: /home/mike/gamedev/cg/dep/glfw-3.2.1/CMakeFiles/CMakeTmp

Run Build Command:"/usr/bin/make" "cmTC_e299a/fast"
/usr/bin/make -f CMakeFiles/cmTC_e299a.dir/build.make CMakeFiles/cmTC_e299a.dir/build
make[1]: Entering directory '/home/mike/gamedev/cg/dep/glfw-3.2.1/CMakeFiles/CMakeTmp'
Building C object CMakeFiles/cmTC_e299a.dir/CheckFunctionExists.c.o
/usr/bin/cc   -DCHECK_FUNCTION_EXISTS=connect   -o CMakeFiles/cmTC_e299a.dir/CheckFunctionExists.c.o   -c /usr/share/cmake-3.11/Modules/CheckFunctionExists.c
Linking C executable cmTC_e299a
/usr/bin/cmake -E cmake_link_script CMakeFiles/cmTC_e299a.dir/link.txt --verbose=1
/usr/bin/cc  -DCHECK_FUNCTION_EXISTS=connect    -rdynamic CMakeFiles/cmTC_e299a.dir/CheckFunctionExists.c.o  -o cmTC_e299a 
make[1]: Leaving directory '/home/mike/gamedev/cg/dep/glfw-3.2.1/CMakeFiles/CMakeTmp'


Determining if the function remove exists passed with the following output:
Change Dir: /home/mike/gamedev/cg/dep/glfw-3.2.1/CMakeFiles/CMakeTmp

Run Build Command:"/usr/bin/make" "cmTC_4c624/fast"
/usr/bin/make -f CMakeFiles/cmTC_4c624.dir/build.make CMakeFiles/cmTC_4c624.dir/build
make[1]: Entering directory '/home/mike/gamedev/cg/dep/glfw-3.2.1/CMakeFiles/CMakeTmp'
Building C object CMakeFiles/cmTC_4c624.dir/CheckFunctionExists.c.o
/usr/bin/cc   -DCHECK_FUNCTION_EXISTS=remove   -o CMakeFiles/cmTC_4c624.dir/CheckFunctionExists.c.o   -c /usr/share/cmake-3.11/Modules/CheckFunctionExists.c
Linking C executable cmTC_4c624
/usr/bin/cmake -E cmake_link_script CMakeFiles/cmTC_4c624.dir/link.txt --verbose=1
/usr/bin/cc  -DCHECK_FUNCTION_EXISTS=remove    -rdynamic CMakeFiles/cmTC_4c624.dir/CheckFunctionExists.c.o  -o cmTC_4c624 
make[1]: Leaving directory '/home/mike/gamedev/cg/dep/glfw-3.2.1/CMakeFiles/CMakeTmp'


Determining if the function shmat exists passed with the following output:
Change Dir: /home/mike/gamedev/cg/dep/glfw-3.2.1/CMakeFiles/CMakeTmp

Run Build Command:"/usr/bin/make" "cmTC_879b5/fast"
/usr/bin/make -f CMakeFiles/cmTC_879b5.dir/build.make CMakeFiles/cmTC_879b5.dir/build
make[1]: Entering directory '/home/mike/gamedev/cg/dep/glfw-3.2.1/CMakeFiles/CMakeTmp'
Building C object CMakeFiles/cmTC_879b5.dir/CheckFunctionExists.c.o
/usr/bin/cc   -DCHECK_FUNCTION_EXISTS=shmat   -o CMakeFiles/cmTC_879b5.dir/CheckFunctionExists.c.o   -c /usr/share/cmake-3.11/Modules/CheckFunctionExists.c
Linking C executable cmTC_879b5
/usr/bin/cmake -E cmake_link_script CMakeFiles/cmTC_879b5.dir/link.txt --verbose=1
/usr/bin/cc  -DCHECK_FUNCTION_EXISTS=shmat    -rdynamic CMakeFiles/cmTC_879b5.dir/CheckFunctionExists.c.o  -o cmTC_879b5 
make[1]: Leaving directory '/home/mike/gamedev/cg/dep/glfw-3.2.1/CMakeFiles/CMakeTmp'


Determining if the function IceConnectionNumber exists in the ICE passed with the following output:
Change Dir: /home/mike/gamedev/cg/dep/glfw-3.2.1/CMakeFiles/CMakeTmp

Run Build Command:"/usr/bin/make" "cmTC_7a662/fast"
/usr/bin/make -f CMakeFiles/cmTC_7a662.dir/build.make CMakeFiles/cmTC_7a662.dir/build
make[1]: Entering directory '/home/mike/gamedev/cg/dep/glfw-3.2.1/CMakeFiles/CMakeTmp'
Building C object CMakeFiles/cmTC_7a662.dir/CheckFunctionExists.c.o
/usr/bin/cc   -DCHECK_FUNCTION_EXISTS=IceConnectionNumber   -o CMakeFiles/cmTC_7a662.dir/CheckFunctionExists.c.o   -c /usr/share/cmake-3.11/Modules/CheckFunctionExists.c
Linking C executable cmTC_7a662
/usr/bin/cmake -E cmake_link_script CMakeFiles/cmTC_7a662.dir/link.txt --verbose=1
/usr/bin/cc  -DCHECK_FUNCTION_EXISTS=IceConnectionNumber    -rdynamic CMakeFiles/cmTC_7a662.dir/CheckFunctionExists.c.o  -o cmTC_7a662 -lICE 
make[1]: Leaving directory '/home/mike/gamedev/cg/dep/glfw-3.2.1/CMakeFiles/CMakeTmp'


