Determining if the pthread_create exist failed with the following output:
Change Dir: /home/mike/gamedev/cg/dep/glfw-3.2.1/CMakeFiles/CMakeTmp

Run Build Command:"/usr/bin/make" "cmTC_58912/fast"
/usr/bin/make -f CMakeFiles/cmTC_58912.dir/build.make CMakeFiles/cmTC_58912.dir/build
make[1]: Entering directory '/home/mike/gamedev/cg/dep/glfw-3.2.1/CMakeFiles/CMakeTmp'
Building C object CMakeFiles/cmTC_58912.dir/CheckSymbolExists.c.o
/usr/bin/cc    -o CMakeFiles/cmTC_58912.dir/CheckSymbolExists.c.o   -c /home/mike/gamedev/cg/dep/glfw-3.2.1/CMakeFiles/CMakeTmp/CheckSymbolExists.c
Linking C executable cmTC_58912
/usr/bin/cmake -E cmake_link_script CMakeFiles/cmTC_58912.dir/link.txt --verbose=1
/usr/bin/cc      -rdynamic CMakeFiles/cmTC_58912.dir/CheckSymbolExists.c.o  -o cmTC_58912 
CMakeFiles/cmTC_58912.dir/CheckSymbolExists.c.o: In function `main':
CheckSymbolExists.c:(.text+0x1b): undefined reference to `pthread_create'
collect2: error: ld returned 1 exit status
make[1]: *** [CMakeFiles/cmTC_58912.dir/build.make:87: cmTC_58912] Error 1
make[1]: Leaving directory '/home/mike/gamedev/cg/dep/glfw-3.2.1/CMakeFiles/CMakeTmp'
make: *** [Makefile:126: cmTC_58912/fast] Error 2

File /home/mike/gamedev/cg/dep/glfw-3.2.1/CMakeFiles/CMakeTmp/CheckSymbolExists.c:
/* */
#include <pthread.h>

int main(int argc, char** argv)
{
  (void)argv;
#ifndef pthread_create
  return ((int*)(&pthread_create))[argc];
#else
  (void)argc;
  return 0;
#endif
}

Determining if the function pthread_create exists in the pthreads failed with the following output:
Change Dir: /home/mike/gamedev/cg/dep/glfw-3.2.1/CMakeFiles/CMakeTmp

Run Build Command:"/usr/bin/make" "cmTC_2340c/fast"
/usr/bin/make -f CMakeFiles/cmTC_2340c.dir/build.make CMakeFiles/cmTC_2340c.dir/build
make[1]: Entering directory '/home/mike/gamedev/cg/dep/glfw-3.2.1/CMakeFiles/CMakeTmp'
Building C object CMakeFiles/cmTC_2340c.dir/CheckFunctionExists.c.o
/usr/bin/cc   -DCHECK_FUNCTION_EXISTS=pthread_create   -o CMakeFiles/cmTC_2340c.dir/CheckFunctionExists.c.o   -c /usr/share/cmake-3.11/Modules/CheckFunctionExists.c
Linking C executable cmTC_2340c
/usr/bin/cmake -E cmake_link_script CMakeFiles/cmTC_2340c.dir/link.txt --verbose=1
/usr/bin/cc  -DCHECK_FUNCTION_EXISTS=pthread_create    -rdynamic CMakeFiles/cmTC_2340c.dir/CheckFunctionExists.c.o  -o cmTC_2340c -lpthreads 
/usr/bin/ld: cannot find -lpthreads
collect2: error: ld returned 1 exit status
make[1]: *** [CMakeFiles/cmTC_2340c.dir/build.make:87: cmTC_2340c] Error 1
make[1]: Leaving directory '/home/mike/gamedev/cg/dep/glfw-3.2.1/CMakeFiles/CMakeTmp'
make: *** [Makefile:126: cmTC_2340c/fast] Error 2


